e:\study\大三小学期-信息安全综合实践\漏洞利用开发与检测对抗\candv4.0\control\socket_client\debug\vc140.pdb
e:\study\大三小学期-信息安全综合实践\漏洞利用开发与检测对抗\candv4.0\control\socket_client\debug\vc140.idb
e:\study\大三小学期-信息安全综合实践\漏洞利用开发与检测对抗\candv4.0\control\socket_client\debug\c.obj
e:\study\大三小学期-信息安全综合实践\漏洞利用开发与检测对抗\candv5.0\control\socket_client\debug\vc140.pdb
e:\study\大三小学期-信息安全综合实践\漏洞利用开发与检测对抗\candv5.0\control\socket_client\debug\vc140.idb
e:\study\大三小学期-信息安全综合实践\漏洞利用开发与检测对抗\candv5.0\control\socket_client\debug\c.obj
e:\study\大三小学期-信息安全综合实践\漏洞利用开发与检测对抗\candv4.0\control\debug\control.ilk
e:\study\大三小学期-信息安全综合实践\漏洞利用开发与检测对抗\candv4.0\control\debug\control.exe
e:\study\大三小学期-信息安全综合实践\漏洞利用开发与检测对抗\candv4.0\control\debug\control.pdb
e:\study\大三小学期-信息安全综合实践\漏洞利用开发与检测对抗\candv5.0\control\debug\control.ilk
e:\study\大三小学期-信息安全综合实践\漏洞利用开发与检测对抗\candv5.0\control\debug\control.exe
e:\study\大三小学期-信息安全综合实践\漏洞利用开发与检测对抗\candv5.0\control\debug\control.pdb
e:\study\大三小学期-信息安全综合实践\漏洞利用开发与检测对抗\信息安全工程实践-于高晴-刘星妍-徐嘉\control\socket_client\debug\c.obj
e:\study\大三小学期-信息安全综合实践\漏洞利用开发与检测对抗\信息安全工程实践-于高晴-刘星妍-徐嘉\control\socket_client\debug\vc140.idb
e:\study\大三小学期-信息安全综合实践\漏洞利用开发与检测对抗\信息安全工程实践-于高晴-刘星妍-徐嘉\control\socket_client\debug\vc140.pdb
e:\study\大三小学期-信息安全综合实践\漏洞利用开发与检测对抗\信息安全工程实践-于高晴-刘星妍-徐嘉\control\debug\control.pdb
e:\study\大三小学期-信息安全综合实践\漏洞利用开发与检测对抗\信息安全工程实践-于高晴-刘星妍-徐嘉\control\debug\control.exe
e:\study\大三小学期-信息安全综合实践\漏洞利用开发与检测对抗\信息安全工程实践-于高晴-刘星妍-徐嘉\control\debug\control.ilk
e:\study\大三小学期-信息安全综合实践\漏洞利用开发与检测对抗\信息安全工程实践-于高晴-刘星妍-徐嘉\control\socket_client\debug\control.tlog\cl.command.1.tlog
e:\study\大三小学期-信息安全综合实践\漏洞利用开发与检测对抗\信息安全工程实践-于高晴-刘星妍-徐嘉\control\socket_client\debug\control.tlog\cl.read.1.tlog
e:\study\大三小学期-信息安全综合实践\漏洞利用开发与检测对抗\信息安全工程实践-于高晴-刘星妍-徐嘉\control\socket_client\debug\control.tlog\cl.write.1.tlog
e:\study\大三小学期-信息安全综合实践\漏洞利用开发与检测对抗\信息安全工程实践-于高晴-刘星妍-徐嘉\control\socket_client\debug\control.tlog\link.command.1.tlog
e:\study\大三小学期-信息安全综合实践\漏洞利用开发与检测对抗\信息安全工程实践-于高晴-刘星妍-徐嘉\control\socket_client\debug\control.tlog\link.read.1.tlog
e:\study\大三小学期-信息安全综合实践\漏洞利用开发与检测对抗\信息安全工程实践-于高晴-刘星妍-徐嘉\control\socket_client\debug\control.tlog\link.write.1.tlog
