e:\study\大三小学期-信息安全综合实践\漏洞利用开发与检测对抗\candv4.0\victim\injectdll\debug\injectdll.pch
e:\study\大三小学期-信息安全综合实践\漏洞利用开发与检测对抗\candv4.0\victim\injectdll\debug\vc140.pdb
e:\study\大三小学期-信息安全综合实践\漏洞利用开发与检测对抗\candv4.0\victim\injectdll\debug\vc140.idb
e:\study\大三小学期-信息安全综合实践\漏洞利用开发与检测对抗\candv4.0\victim\injectdll\debug\stdafx.obj
e:\study\大三小学期-信息安全综合实践\漏洞利用开发与检测对抗\candv4.0\victim\injectdll\debug\dllmain.obj
e:\study\大三小学期-信息安全综合实践\漏洞利用开发与检测对抗\candv4.0\victim\injectdll\debug\dll_inject.obj
e:\study\大三小学期-信息安全综合实践\漏洞利用开发与检测对抗\candv4.0\victim\injectdll\debug\hookfunctions.obj
e:\study\大三小学期-信息安全综合实践\漏洞利用开发与检测对抗\candv4.0\victim\debug\injectdll.lib
e:\study\大三小学期-信息安全综合实践\漏洞利用开发与检测对抗\candv4.0\victim\debug\injectdll.exp
e:\study\大三小学期-信息安全综合实践\漏洞利用开发与检测对抗\candv4.0\victim\debug\injectdll.ilk
e:\study\大三小学期-信息安全综合实践\漏洞利用开发与检测对抗\candv4.0\victim\debug\injectdll.dll
e:\study\大三小学期-信息安全综合实践\漏洞利用开发与检测对抗\candv4.0\victim\debug\injectdll.pdb
e:\study\大三小学期-信息安全综合实践\漏洞利用开发与检测对抗\信息安全工程实践-于高晴-刘星妍-徐嘉\victim\injectdll\debug\dllmain.obj
e:\study\大三小学期-信息安全综合实践\漏洞利用开发与检测对抗\信息安全工程实践-于高晴-刘星妍-徐嘉\victim\injectdll\debug\dll_inject.obj
e:\study\大三小学期-信息安全综合实践\漏洞利用开发与检测对抗\信息安全工程实践-于高晴-刘星妍-徐嘉\victim\injectdll\debug\hookfunctions.obj
e:\study\大三小学期-信息安全综合实践\漏洞利用开发与检测对抗\信息安全工程实践-于高晴-刘星妍-徐嘉\victim\injectdll\debug\stdafx.obj
e:\study\大三小学期-信息安全综合实践\漏洞利用开发与检测对抗\信息安全工程实践-于高晴-刘星妍-徐嘉\victim\injectdll\debug\injectdll.pch
e:\study\大三小学期-信息安全综合实践\漏洞利用开发与检测对抗\信息安全工程实践-于高晴-刘星妍-徐嘉\victim\injectdll\debug\vc140.idb
e:\study\大三小学期-信息安全综合实践\漏洞利用开发与检测对抗\信息安全工程实践-于高晴-刘星妍-徐嘉\victim\injectdll\debug\vc140.pdb
e:\study\大三小学期-信息安全综合实践\漏洞利用开发与检测对抗\信息安全工程实践-于高晴-刘星妍-徐嘉\victim\debug\injectdll.pdb
e:\study\大三小学期-信息安全综合实践\漏洞利用开发与检测对抗\信息安全工程实践-于高晴-刘星妍-徐嘉\victim\debug\injectdll.dll
e:\study\大三小学期-信息安全综合实践\漏洞利用开发与检测对抗\信息安全工程实践-于高晴-刘星妍-徐嘉\victim\debug\injectdll.ilk
e:\study\大三小学期-信息安全综合实践\漏洞利用开发与检测对抗\信息安全工程实践-于高晴-刘星妍-徐嘉\victim\injectdll\debug\injectdll.tlog\cl.command.1.tlog
e:\study\大三小学期-信息安全综合实践\漏洞利用开发与检测对抗\信息安全工程实践-于高晴-刘星妍-徐嘉\victim\injectdll\debug\injectdll.tlog\cl.read.1.tlog
e:\study\大三小学期-信息安全综合实践\漏洞利用开发与检测对抗\信息安全工程实践-于高晴-刘星妍-徐嘉\victim\injectdll\debug\injectdll.tlog\cl.write.1.tlog
e:\study\大三小学期-信息安全综合实践\漏洞利用开发与检测对抗\信息安全工程实践-于高晴-刘星妍-徐嘉\victim\injectdll\debug\injectdll.tlog\injectdll.write.1u.tlog
e:\study\大三小学期-信息安全综合实践\漏洞利用开发与检测对抗\信息安全工程实践-于高晴-刘星妍-徐嘉\victim\injectdll\debug\injectdll.tlog\link.command.1.tlog
e:\study\大三小学期-信息安全综合实践\漏洞利用开发与检测对抗\信息安全工程实践-于高晴-刘星妍-徐嘉\victim\injectdll\debug\injectdll.tlog\link.read.1.tlog
e:\study\大三小学期-信息安全综合实践\漏洞利用开发与检测对抗\信息安全工程实践-于高晴-刘星妍-徐嘉\victim\injectdll\debug\injectdll.tlog\link.write.1.tlog
