C:\DOCUMENTS AND SETTINGS\MIKE\MY DOCUMENTS\VISUAL STUDIO 2010\PROJECTS\CCCC\CCCC\DEBUG\CCCC.EXE.EMBED.MANIFEST
C:\Documents and Settings\Mike\my documents\visual studio 2010\Projects\cccc\cccc\Debug\cccc.exe.embed.manifest.res
C:\Documents and Settings\Mike\my documents\visual studio 2010\Projects\cccc\cccc\Debug\cccc.exe.intermediate.manifest
C:\DOCUMENTS AND SETTINGS\MIKE\MY DOCUMENTS\VISUAL STUDIO 2010\PROJECTS\CCCC\CCCC\DEBUG\CCCC.OBJ
C:\Documents and Settings\Mike\my documents\visual studio 2010\Projects\cccc\cccc\Debug\cccc_manifest.rc
C:\Documents and Settings\Mike\my documents\visual studio 2010\Projects\cccc\cccc\Debug\cl.command.1.tlog
C:\Documents and Settings\Mike\my documents\visual studio 2010\Projects\cccc\cccc\Debug\CL.read.1.tlog
C:\Documents and Settings\Mike\my documents\visual studio 2010\Projects\cccc\cccc\Debug\CL.write.1.tlog
C:\Documents and Settings\Mike\my documents\visual studio 2010\Projects\cccc\cccc\Debug\link.command.1.tlog
C:\Documents and Settings\Mike\my documents\visual studio 2010\Projects\cccc\cccc\Debug\mt.command.1.tlog
C:\Documents and Settings\Mike\my documents\visual studio 2010\Projects\cccc\cccc\Debug\mt.read.1.tlog
C:\Documents and Settings\Mike\my documents\visual studio 2010\Projects\cccc\cccc\Debug\mt.write.1.tlog
C:\Documents and Settings\Mike\my documents\visual studio 2010\Projects\cccc\cccc\Debug\rc.command.1.tlog
C:\Documents and Settings\Mike\my documents\visual studio 2010\Projects\cccc\cccc\Debug\rc.read.1.tlog
C:\Documents and Settings\Mike\my documents\visual studio 2010\Projects\cccc\cccc\Debug\rc.write.1.tlog
C:\Documents and Settings\Mike\my documents\visual studio 2010\Projects\cccc\cccc\Debug\vc100.idb
C:\DOCUMENTS AND SETTINGS\MIKE\MY DOCUMENTS\VISUAL STUDIO 2010\PROJECTS\CCCC\CCCC\DEBUG\VC100.PDB
C:\Documents and Settings\Mike\my documents\visual studio 2010\Projects\cccc\Debug\cccc.exe
C:\Documents and Settings\Mike\my documents\visual studio 2010\Projects\cccc\Debug\cccc.ilk
C:\Documents and Settings\Mike\my documents\visual studio 2010\Projects\cccc\Debug\cccc.pdb
