e:\study\大三小学期-信息安全综合实践\漏洞利用开发与检测对抗\candv4.0\victim\m_socketserver\debug\vc140.pdb
e:\study\大三小学期-信息安全综合实践\漏洞利用开发与检测对抗\candv4.0\victim\m_socketserver\debug\vc140.idb
e:\study\大三小学期-信息安全综合实践\漏洞利用开发与检测对抗\candv4.0\victim\m_socketserver\debug\v.obj
e:\study\大三小学期-信息安全综合实践\漏洞利用开发与检测对抗\candv5.0\victim\m_socketserver\debug\vc140.pdb
e:\study\大三小学期-信息安全综合实践\漏洞利用开发与检测对抗\candv5.0\victim\m_socketserver\debug\vc140.idb
e:\study\大三小学期-信息安全综合实践\漏洞利用开发与检测对抗\candv5.0\victim\m_socketserver\debug\v.obj
e:\study\大三小学期-信息安全综合实践\漏洞利用开发与检测对抗\candv4.0\victim\debug\victim.ilk
e:\study\大三小学期-信息安全综合实践\漏洞利用开发与检测对抗\candv4.0\victim\debug\victim.exe
e:\study\大三小学期-信息安全综合实践\漏洞利用开发与检测对抗\candv4.0\victim\debug\victim.pdb
e:\study\大三小学期-信息安全综合实践\漏洞利用开发与检测对抗\candv5.0\victim\debug\victim.ilk
e:\study\大三小学期-信息安全综合实践\漏洞利用开发与检测对抗\candv5.0\victim\debug\victim.exe
e:\study\大三小学期-信息安全综合实践\漏洞利用开发与检测对抗\candv5.0\victim\debug\victim.pdb
e:\study\大三小学期-信息安全综合实践\漏洞利用开发与检测对抗\信息安全工程实践-于高晴-刘星妍-徐嘉\victim\m_socketserver\debug\v.obj
e:\study\大三小学期-信息安全综合实践\漏洞利用开发与检测对抗\信息安全工程实践-于高晴-刘星妍-徐嘉\victim\m_socketserver\debug\vc140.idb
e:\study\大三小学期-信息安全综合实践\漏洞利用开发与检测对抗\信息安全工程实践-于高晴-刘星妍-徐嘉\victim\m_socketserver\debug\vc140.pdb
e:\study\大三小学期-信息安全综合实践\漏洞利用开发与检测对抗\信息安全工程实践-于高晴-刘星妍-徐嘉\victim\debug\victim.pdb
e:\study\大三小学期-信息安全综合实践\漏洞利用开发与检测对抗\信息安全工程实践-于高晴-刘星妍-徐嘉\victim\debug\victim.exe
e:\study\大三小学期-信息安全综合实践\漏洞利用开发与检测对抗\信息安全工程实践-于高晴-刘星妍-徐嘉\victim\debug\victim.ilk
e:\study\大三小学期-信息安全综合实践\漏洞利用开发与检测对抗\信息安全工程实践-于高晴-刘星妍-徐嘉\victim\m_socketserver\debug\victim.tlog\cl.command.1.tlog
e:\study\大三小学期-信息安全综合实践\漏洞利用开发与检测对抗\信息安全工程实践-于高晴-刘星妍-徐嘉\victim\m_socketserver\debug\victim.tlog\cl.read.1.tlog
e:\study\大三小学期-信息安全综合实践\漏洞利用开发与检测对抗\信息安全工程实践-于高晴-刘星妍-徐嘉\victim\m_socketserver\debug\victim.tlog\cl.write.1.tlog
e:\study\大三小学期-信息安全综合实践\漏洞利用开发与检测对抗\信息安全工程实践-于高晴-刘星妍-徐嘉\victim\m_socketserver\debug\victim.tlog\link.command.1.tlog
e:\study\大三小学期-信息安全综合实践\漏洞利用开发与检测对抗\信息安全工程实践-于高晴-刘星妍-徐嘉\victim\m_socketserver\debug\victim.tlog\link.read.1.tlog
e:\study\大三小学期-信息安全综合实践\漏洞利用开发与检测对抗\信息安全工程实践-于高晴-刘星妍-徐嘉\victim\m_socketserver\debug\victim.tlog\link.write.1.tlog
