e:\study\大三小学期-信息安全综合实践\漏洞利用开发与检测对抗\candv4.0\victim\processhiding\debug\processhiding.pch
e:\study\大三小学期-信息安全综合实践\漏洞利用开发与检测对抗\candv4.0\victim\processhiding\debug\vc140.pdb
e:\study\大三小学期-信息安全综合实践\漏洞利用开发与检测对抗\candv4.0\victim\processhiding\debug\vc140.idb
e:\study\大三小学期-信息安全综合实践\漏洞利用开发与检测对抗\candv4.0\victim\processhiding\debug\stdafx.obj
e:\study\大三小学期-信息安全综合实践\漏洞利用开发与检测对抗\candv4.0\victim\processhiding\debug\processhiding.obj
e:\study\大三小学期-信息安全综合实践\漏洞利用开发与检测对抗\candv4.0\victim\debug\processhiding.ilk
e:\study\大三小学期-信息安全综合实践\漏洞利用开发与检测对抗\candv4.0\victim\debug\processhiding.exe
e:\study\大三小学期-信息安全综合实践\漏洞利用开发与检测对抗\candv4.0\victim\debug\processhiding.pdb
e:\study\大三小学期-信息安全综合实践\漏洞利用开发与检测对抗\信息安全工程实践-于高晴-刘星妍-徐嘉\victim\processhiding\debug\processhiding.obj
e:\study\大三小学期-信息安全综合实践\漏洞利用开发与检测对抗\信息安全工程实践-于高晴-刘星妍-徐嘉\victim\processhiding\debug\stdafx.obj
e:\study\大三小学期-信息安全综合实践\漏洞利用开发与检测对抗\信息安全工程实践-于高晴-刘星妍-徐嘉\victim\processhiding\debug\processhiding.pch
e:\study\大三小学期-信息安全综合实践\漏洞利用开发与检测对抗\信息安全工程实践-于高晴-刘星妍-徐嘉\victim\processhiding\debug\vc140.idb
e:\study\大三小学期-信息安全综合实践\漏洞利用开发与检测对抗\信息安全工程实践-于高晴-刘星妍-徐嘉\victim\processhiding\debug\vc140.pdb
e:\study\大三小学期-信息安全综合实践\漏洞利用开发与检测对抗\信息安全工程实践-于高晴-刘星妍-徐嘉\victim\debug\processhiding.pdb
e:\study\大三小学期-信息安全综合实践\漏洞利用开发与检测对抗\信息安全工程实践-于高晴-刘星妍-徐嘉\victim\debug\processhiding.exe
e:\study\大三小学期-信息安全综合实践\漏洞利用开发与检测对抗\信息安全工程实践-于高晴-刘星妍-徐嘉\victim\debug\processhiding.ilk
e:\study\大三小学期-信息安全综合实践\漏洞利用开发与检测对抗\信息安全工程实践-于高晴-刘星妍-徐嘉\victim\processhiding\debug\processhiding.tlog\cl.command.1.tlog
e:\study\大三小学期-信息安全综合实践\漏洞利用开发与检测对抗\信息安全工程实践-于高晴-刘星妍-徐嘉\victim\processhiding\debug\processhiding.tlog\cl.read.1.tlog
e:\study\大三小学期-信息安全综合实践\漏洞利用开发与检测对抗\信息安全工程实践-于高晴-刘星妍-徐嘉\victim\processhiding\debug\processhiding.tlog\cl.write.1.tlog
e:\study\大三小学期-信息安全综合实践\漏洞利用开发与检测对抗\信息安全工程实践-于高晴-刘星妍-徐嘉\victim\processhiding\debug\processhiding.tlog\link.command.1.tlog
e:\study\大三小学期-信息安全综合实践\漏洞利用开发与检测对抗\信息安全工程实践-于高晴-刘星妍-徐嘉\victim\processhiding\debug\processhiding.tlog\link.read.1.tlog
e:\study\大三小学期-信息安全综合实践\漏洞利用开发与检测对抗\信息安全工程实践-于高晴-刘星妍-徐嘉\victim\processhiding\debug\processhiding.tlog\link.write.1.tlog
